<?xml version="1.0" encoding="UTF-8"?>
<testng-results ignored="0" total="1" passed="1" failed="0" skipped="0">
  <reporter-output>
  </reporter-output>
  <suite started-at="2023-03-02T19:31:31 AEDT" name="Default suite" finished-at="2023-03-02T19:31:32 AEDT" duration-ms="128">
    <groups>
    </groups>
    <test started-at="2023-03-02T19:31:31 AEDT" name="Default test" finished-at="2023-03-02T19:31:32 AEDT" duration-ms="128">
      <class name="testNG.test1">
        <test-method signature="Demo()[pri:0, instance:testNG.test1@3ee37e5a]" started-at="2023-03-02T19:31:32 AEDT" name="Demo" finished-at="2023-03-02T19:31:32 AEDT" duration-ms="18" status="PASS">
          <reporter-output>
          </reporter-output>
        </test-method> <!-- Demo -->
      </class> <!-- testNG.test1 -->
    </test> <!-- Default test -->
  </suite> <!-- Default suite -->
</testng-results>
